0 info it worked if it ends with ok
1 verbose cli [ '/usr/bin/nodejs',
1 verbose cli   '/usr/bin/npm',
1 verbose cli   'install',
1 verbose cli   '--save',
1 verbose cli   '@/views/Hello' ]
2 info using npm@3.10.10
3 info using node@v6.10.2
4 silly loadCurrentTree Starting
5 silly install loadCurrentTree
6 silly install readLocalPackageData
7 silly fetchPackageMetaData @/views/Hello
8 silly fetchOtherPackageData @/views/Hello
9 silly cache add args [ '@/views/Hello', null ]
10 verbose cache add spec @/views/Hello
11 silly cache add parsed spec Result {
11 silly cache add   raw: '@/views/Hello',
11 silly cache add   scope: null,
11 silly cache add   escapedName: null,
11 silly cache add   name: null,
11 silly cache add   rawSpec: '@/views/Hello',
11 silly cache add   spec: '/home/jean/dev/docker/VENoM-Docker-master/@/views/Hello',
11 silly cache add   type: 'local' }
12 error addLocal Could not install /home/jean/dev/docker/VENoM-Docker-master/@/views/Hello
13 silly fetchPackageMetaData Error: ENOENT: no such file or directory, open '/home/jean/dev/docker/VENoM-Docker-master/@/views/Hello'
13 silly fetchPackageMetaData     at Error (native)
13 silly fetchPackageMetaData  error for @/views/Hello { Error: ENOENT: no such file or directory, open '/home/jean/dev/docker/VENoM-Docker-master/@/views/Hello'
13 silly fetchPackageMetaData     at Error (native)
13 silly fetchPackageMetaData   errno: -2,
13 silly fetchPackageMetaData   code: 'ENOENT',
13 silly fetchPackageMetaData   syscall: 'open',
13 silly fetchPackageMetaData   path: '/home/jean/dev/docker/VENoM-Docker-master/@/views/Hello' }
14 silly rollbackFailedOptional Starting
15 silly rollbackFailedOptional Finishing
16 silly runTopLevelLifecycles Finishing
17 silly install printInstalled
18 verbose stack Error: ENOENT: no such file or directory, open '/home/jean/dev/docker/VENoM-Docker-master/@/views/Hello'
18 verbose stack     at Error (native)
19 verbose cwd /home/jean/dev/docker/VENoM-Docker-master
20 error Linux 4.4.0-141-generic
21 error argv "/usr/bin/nodejs" "/usr/bin/npm" "install" "--save" "@/views/Hello"
22 error node v6.10.2
23 error npm  v3.10.10
24 error path /home/jean/dev/docker/VENoM-Docker-master/@/views/Hello
25 error code ENOENT
26 error errno -2
27 error syscall open
28 error enoent ENOENT: no such file or directory, open '/home/jean/dev/docker/VENoM-Docker-master/@/views/Hello'
29 error enoent ENOENT: no such file or directory, open '/home/jean/dev/docker/VENoM-Docker-master/@/views/Hello'
29 error enoent This is most likely not a problem with npm itself
29 error enoent and is related to npm not being able to find a file.
30 verbose exit [ -2, true ]
